<?xml version="1.0" encoding="UTF-8"?>
<testsuite name="Testear distintos escenario en la pagina de request." tests="1" skipped="0" failures="0" errors="0" timestamp="2021-11-16T21:12:52" hostname="DESKTOP-2UOT798" time="5.896">
  <properties/>
  <testcase name="Alternative 1 - Error al crear solicitud (fecha de fin &lt; fecha inicio)" classname="Testear distintos escenario en la pagina de request." time="5.896"/>
  <system-out><![CDATA[?[32m.?[0m?[32m.?[0m?[32m.?[0m?[32m.?[0m?[32m.?[0m]]></system-out>
  <system-err><![CDATA[Starting ChromeDriver 95.0.4638.54 (d31a821ec901f68d0d34ccdbaea45b4c86ce543e-refs/branch-heads/4638@{#871}) on port 2748
Only local connections are allowed.
Please see https://chromedriver.chromium.org/security-considerations for suggestions on keeping ChromeDriver safe.
ChromeDriver was started successfully.
nov. 16, 2021 6:12:53 P. M. org.openqa.selenium.remote.ProtocolHandshake createSession
INFO: Detected dialect: W3C
]]></system-err>
</testsuite>
